2025-07-01 17:35:19,512 - INFO - Initialisation du navigateur Chrome...
2025-07-01 17:35:19,513 - INFO - ====== WebDriver manager ======
2025-07-01 17:35:24,504 - INFO - Get LATEST chromedriver version for google-chrome
2025-07-01 17:35:24,574 - INFO - Get LATEST chromedriver version for google-chrome
2025-07-01 17:35:24,611 - INFO - Driver [C:\Users\amrim\.wdm\drivers\chromedriver\win64\138.0.7204.92\chromedriver-win32/chromedriver.exe] found in cache
2025-07-01 17:35:27,147 - INFO - Accès à la page: https://offres.passlogement.com/account
2025-07-01 17:35:29,874 - INFO - Page de login détectée, saisie des identifiants...
2025-07-01 17:35:30,278 - INFO - Attente de 5 secondes pour que la page se charge complètement après connexion...
2025-07-01 17:35:35,287 - INFO - Connecté avec succès, URL actuelle: https://offres.passlogement.com/account
2025-07-01 17:35:35,448 - INFO - Capture d'écran après connexion sauvegardée dans 'after_login.png'
2025-07-01 17:35:35,457 - INFO - Vérification et navigation vers l'onglet des offres...
2025-07-01 17:35:35,603 - INFO - Capture d'écran avant clic sauvegardée dans 'before_menu_click.png'
2025-07-01 17:35:35,603 - INFO - Tentative de clic stratégie 1: par texte et classe CSS
2025-07-01 17:35:35,620 - INFO - Tentative de clic stratégie 2: par sélecteur CSS spécifique
2025-07-01 17:35:36,033 - INFO - Clic sur le 3ème onglet
2025-07-01 17:35:41,295 - INFO - Capture d'écran après clic sauvegardée dans 'after_menu_click.png'
2025-07-01 17:35:41,295 - INFO - Clic sur l'onglet 'Les offres' réussi
2025-07-01 17:35:41,365 - INFO - Nombre de lignes trouvées dans la page: 68
2025-07-01 17:35:41,494 - INFO - Capture d'écran sauvegardée dans 'page_screenshot.png'
2025-07-01 17:35:47,580 - INFO - Offre détectée: MAISONS LAFFITTE - 61 m2 - 660 €
2025-07-01 17:35:47,756 - INFO - Offre détectée: DUGNY - 41 m2 - 901.1 €
2025-07-01 17:35:47,948 - INFO - Offre détectée: DUGNY - 69 m2 - 1166 €
2025-07-01 17:35:48,115 - INFO - Offre détectée: MENNECY - 43 m2 - 488.03 €
2025-07-01 17:35:48,287 - INFO - Offre détectée: BOBIGNY - 41 m2 - 718 €
2025-07-01 17:35:48,454 - INFO - Offre détectée: POISSY - 23 m2 - 317.58 €
2025-07-01 17:35:48,660 - INFO - Offre détectée: ST MAUR DES FOSSES - 34 m2 - 645 €
2025-07-01 17:35:48,816 - INFO - Offre détectée: VILLEPINTE - 31 m2 - 394 €
2025-07-01 17:35:48,853 - INFO - Nombre total d'offres trouvées: 8
2025-07-01 17:35:51,024 - INFO - Nombre de nouvelles offres: 0
2025-07-01 17:35:51,024 - INFO - Aucune nouvelle offre détectée.
